# JRE version: OpenJDK Runtime Environment Temurin-21.0.11+10 (21.0.11+10) (build 21.0.11+10-LTS)
# Java VM: OpenJDK 64-Bit Server VM Temurin-21.0.11+10 (21.0.11+10-LTS, mixed mode, sharing, tiered, compressed oops, compressed class ptrs, parallel gc, windows-amd64)
GC Precious Log:
 CardTable entry size: 512
 CPUs: 8 total, 8 available
 Memory: 7948M
 Large Page Support: Disabled
 NUMA Support: Disabled
 Compressed Oops: Enabled (32-bit)
 Alignments: Space 512K, Generation 512K, Heap 2M
 Heap Min Capacity: 100M
 Heap Initial Capacity: 100M
 Heap Max Capacity: 2G
 Pre-touch: Disabled
 Parallel Workers: 8
Heap:
 PSYoungGen      total 5120K, used 4921K [0x00000000d5580000, 0x00000000d6080000, 0x0000000100000000)
  eden space 3072K, 94% used [0x00000000d5580000,0x00000000d5852e20,0x00000000d5880000)
  from space 2048K, 99% used [0x00000000d5a00000,0x00000000d5bfb7f0,0x00000000d5c00000)
  to   space 4096K, 0% used [0x00000000d5c80000,0x00000000d5c80000,0x00000000d6080000)
 ParOldGen       total 1068032K, used 1067729K [0x0000000080000000, 0x00000000c1300000, 0x00000000d5580000)
  object space 1068032K, 99% used [0x0000000080000000,0x00000000c12b47c8,0x00000000c1300000)
 Metaspace       used 92477K, committed 94272K, reserved 1179648K
  class space    used 9696K, committed 10496K, reserved 1048576K
GC Heap History (20 events):
Event: 52729.998 GC heap before
{Heap before GC invocations=1684 (full 4):
 PSYoungGen      total 4096K, used 4095K [0x00000000d5580000, 0x00000000d5e00000, 0x0000000100000000)
  eden space 2560K, 99% used [0x00000000d5580000,0x00000000d57fffc0,0x00000000d5800000)
  from space 1536K, 100% used [0x00000000d5980000,0x00000000d5b00000,0x00000000d5b00000)
  to   space 3072K, 0% used [0x00000000d5b00000,0x00000000d5b00000,0x00000000d5e00000)
 ParOldGen       total 1052672K, used 1052296K [0x0000000080000000, 0x00000000c0400000, 0x00000000d5580000)
  object space 1052672K, 99% used [0x0000000080000000,0x00000000c03a2048,0x00000000c0400000)
 Metaspace       used 92467K, committed 94272K, reserved 1179648K
  class space    used 9696K, committed 10496K, reserved 1048576K
}
Event: 52730.005 GC heap after
{Heap after GC invocations=1684 (full 4):
 PSYoungGen      total 5632K, used 2560K [0x00000000d5580000, 0x00000000d5e80000, 0x0000000100000000)
  eden space 2560K, 0% used [0x00000000d5580000,0x00000000d5580000,0x00000000d5800000)
  from space 3072K, 83% used [0x00000000d5b00000,0x00000000d5d80000,0x00000000d5e00000)
  to   space 3072K, 0% used [0x00000000d5800000,0x00000000d5800000,0x00000000d5b00000)
 ParOldGen       total 1054208K, used 1053776K [0x0000000080000000, 0x00000000c0580000, 0x00000000d5580000)
  object space 1054208K, 99% used [0x0000000080000000,0x00000000c0514048,0x00000000c0580000)
 Metaspace       used 92467K, committed 94272K, reserved 1179648K
  class space    used 9696K, committed 10496K, reserved 1048576K
}
Event: 52730.022 GC heap before
{Heap before GC invocations=1685 (full 4):
 PSYoungGen      total 5632K, used 5120K [0x00000000d5580000, 0x00000000d5e80000, 0x0000000100000000)
  eden space 2560K, 100% used [0x00000000d5580000,0x00000000d5800000,0x00000000d5800000)
  from space 3072K, 83% used [0x00000000d5b00000,0x00000000d5d80000,0x00000000d5e00000)
  to   space 3072K, 0% used [0x00000000d5800000,0x00000000d5800000,0x00000000d5b00000)
 ParOldGen       total 1054208K, used 1053776K [0x0000000080000000, 0x00000000c0580000, 0x00000000d5580000)
  object space 1054208K, 99% used [0x0000000080000000,0x00000000c0514048,0x00000000c0580000)
 Metaspace       used 92468K, committed 94272K, reserved 1179648K
  class space    used 9696K, committed 10496K, reserved 1048576K
}
Event: 52730.031 GC heap after
{Heap after GC invocations=1685 (full 4):
 PSYoungGen      total 5632K, used 2056K [0x00000000d5580000, 0x00000000d5d80000, 0x0000000100000000)
  eden space 2560K, 0% used [0x00000000d5580000,0x00000000d5580000,0x00000000d5800000)
  from space 3072K, 66% used [0x00000000d5800000,0x00000000d5a02010,0x00000000d5b00000)
  to   space 2560K, 0% used [0x00000000d5b00000,0x00000000d5b00000,0x00000000d5d80000)
 ParOldGen       total 1056256K, used 1056248K [0x0000000080000000, 0x00000000c0780000, 0x00000000d5580000)
  object space 1056256K, 99% used [0x0000000080000000,0x00000000c077e048,0x00000000c0780000)
 Metaspace       used 92468K, committed 94272K, reserved 1179648K
  class space    used 9696K, committed 10496K, reserved 1048576K
}
Event: 52730.075 GC heap before
{Heap before GC invocations=1686 (full 4):
 PSYoungGen      total 5632K, used 4616K [0x00000000d5580000, 0x00000000d5d80000, 0x0000000100000000)
  eden space 2560K, 100% used [0x00000000d5580000,0x00000000d5800000,0x00000000d5800000)
  from space 3072K, 66% used [0x00000000d5800000,0x00000000d5a02010,0x00000000d5b00000)
  to   space 2560K, 0% used [0x00000000d5b00000,0x00000000d5b00000,0x00000000d5d80000)
 ParOldGen       total 1056256K, used 1056248K [0x0000000080000000, 0x00000000c0780000, 0x00000000d5580000)
  object space 1056256K, 99% used [0x0000000080000000,0x00000000c077e048,0x00000000c0780000)
 Metaspace       used 92476K, committed 94272K, reserved 1179648K
  class space    used 9696K, committed 10496K, reserved 1048576K
}
Event: 52730.082 GC heap after
{Heap after GC invocations=1686 (full 4):
 PSYoungGen      total 4608K, used 1347K [0x00000000d5580000, 0x00000000d5c80000, 0x0000000100000000)
  eden space 3072K, 0% used [0x00000000d5580000,0x00000000d5580000,0x00000000d5880000)
  from space 1536K, 87% used [0x00000000d5b00000,0x00000000d5c50d70,0x00000000d5c80000)
  to   space 2048K, 0% used [0x00000000d5880000,0x00000000d5880000,0x00000000d5a80000)
 ParOldGen       total 1057792K, used 1057752K [0x0000000080000000, 0x00000000c0900000, 0x00000000d5580000)
  object space 1057792K, 99% used [0x0000000080000000,0x00000000c08f6048,0x00000000c0900000)
 Metaspace       used 92476K, committed 94272K, reserved 1179648K
  class space    used 9696K, committed 10496K, reserved 1048576K
}
Event: 52730.101 GC heap before
{Heap before GC invocations=1687 (full 4):
 PSYoungGen      total 4608K, used 4200K [0x00000000d5580000, 0x00000000d5c80000, 0x0000000100000000)
  eden space 3072K, 92% used [0x00000000d5580000,0x00000000d5849648,0x00000000d5880000)
  from space 1536K, 87% used [0x00000000d5b00000,0x00000000d5c50d70,0x00000000d5c80000)
  to   space 2048K, 0% used [0x00000000d5880000,0x00000000d5880000,0x00000000d5a80000)
 ParOldGen       total 1057792K, used 1057752K [0x0000000080000000, 0x00000000c0900000, 0x00000000d5580000)
  object space 1057792K, 99% used [0x0000000080000000,0x00000000c08f6048,0x00000000c0900000)
 Metaspace       used 92476K, committed 94272K, reserved 1179648K
  class space    used 9696K, committed 10496K, reserved 1048576K
}
Event: 52730.106 GC heap after
{Heap after GC invocations=1687 (full 4):
 PSYoungGen      total 5120K, used 2048K [0x00000000d5580000, 0x00000000d6380000, 0x0000000100000000)
  eden space 3072K, 0% used [0x00000000d5580000,0x00000000d5580000,0x00000000d5880000)
  from space 2048K, 100% used [0x00000000d5880000,0x00000000d5a80000,0x00000000d5a80000)
  to   space 5120K, 0% used [0x00000000d5e80000,0x00000000d5e80000,0x00000000d6380000)
 ParOldGen       total 1060352K, used 1059854K [0x0000000080000000, 0x00000000c0b80000, 0x00000000d5580000)
  object space 1060352K, 99% used [0x0000000080000000,0x00000000c0b03b28,0x00000000c0b80000)
 Metaspace       used 92476K, committed 94272K, reserved 1179648K
  class space    used 9696K, committed 10496K, reserved 1048576K
}
Event: 52730.277 GC heap before
{Heap before GC invocations=1688 (full 4):
 PSYoungGen      total 5120K, used 5120K [0x00000000d5580000, 0x00000000d6380000, 0x0000000100000000)
  eden space 3072K, 100% used [0x00000000d5580000,0x00000000d5880000,0x00000000d5880000)
  from space 2048K, 100% used [0x00000000d5880000,0x00000000d5a80000,0x00000000d5a80000)
  to   space 5120K, 0% used [0x00000000d5e80000,0x00000000d5e80000,0x00000000d6380000)
 ParOldGen       total 1060352K, used 1059854K [0x0000000080000000, 0x00000000c0b80000, 0x00000000d5580000)
  object space 1060352K, 99% used [0x0000000080000000,0x00000000c0b03b28,0x00000000c0b80000)
 Metaspace       used 92476K, committed 94272K, reserved 1179648K
  class space    used 9696K, committed 10496K, reserved 1048576K
}
Event: 52730.284 GC heap after
{Heap after GC invocations=1688 (full 4):
 PSYoungGen      total 4096K, used 768K [0x00000000d5580000, 0x00000000d5f80000, 0x0000000100000000)
  eden space 3072K, 0% used [0x00000000d5580000,0x00000000d5580000,0x00000000d5880000)
  from space 1024K, 75% used [0x00000000d5e80000,0x00000000d5f40000,0x00000000d5f80000)
  to   space 2048K, 0% used [0x00000000d5b80000,0x00000000d5b80000,0x00000000d5d80000)
 ParOldGen       total 1061888K, used 1061718K [0x0000000080000000, 0x00000000c0d00000, 0x00000000d5580000)
  object space 1061888K, 99% used [0x0000000080000000,0x00000000c0cd5b28,0x00000000c0d00000)
 Metaspace       used 92476K, committed 94272K, reserved 1179648K
  class space    used 9696K, committed 10496K, reserved 1048576K
}
Event: 52730.586 GC heap before
{Heap before GC invocations=1689 (full 4):
 PSYoungGen      total 4096K, used 3839K [0x00000000d5580000, 0x00000000d5f80000, 0x0000000100000000)
  eden space 3072K, 99% used [0x00000000d5580000,0x00000000d587ffd8,0x00000000d5880000)
  from space 1024K, 75% used [0x00000000d5e80000,0x00000000d5f40000,0x00000000d5f80000)
  to   space 2048K, 0% used [0x00000000d5b80000,0x00000000d5b80000,0x00000000d5d80000)
 ParOldGen       total 1061888K, used 1061718K [0x0000000080000000, 0x00000000c0d00000, 0x00000000d5580000)
  object space 1061888K, 99% used [0x0000000080000000,0x00000000c0cd5b28,0x00000000c0d00000)
 Metaspace       used 92476K, committed 94272K, reserved 1179648K
  class space    used 9696K, committed 10496K, reserved 1048576K
}
Event: 52730.593 GC heap after
{Heap after GC invocations=1689 (full 4):
 PSYoungGen      total 5120K, used 160K [0x00000000d5580000, 0x00000000d5f00000, 0x0000000100000000)
  eden space 3072K, 0% used [0x00000000d5580000,0x00000000d5580000,0x00000000d5880000)
  from space 2048K, 7% used [0x00000000d5b80000,0x00000000d5ba8000,0x00000000d5d80000)
  to   space 1024K, 0% used [0x00000000d5e00000,0x00000000d5e00000,0x00000000d5f00000)
 ParOldGen       total 1062400K, used 1062388K [0x0000000080000000, 0x00000000c0d80000, 0x00000000d5580000)
  object space 1062400K, 99% used [0x0000000080000000,0x00000000c0d7d278,0x00000000c0d80000)
 Metaspace       used 92476K, committed 94272K, reserved 1179648K
  class space    used 9696K, committed 10496K, reserved 1048576K
}
Event: 52732.051 GC heap before
{Heap before GC invocations=1690 (full 4):
 PSYoungGen      total 5120K, used 3232K [0x00000000d5580000, 0x00000000d5f00000, 0x0000000100000000)
  eden space 3072K, 100% used [0x00000000d5580000,0x00000000d5880000,0x00000000d5880000)
  from space 2048K, 7% used [0x00000000d5b80000,0x00000000d5ba8000,0x00000000d5d80000)
  to   space 1024K, 0% used [0x00000000d5e00000,0x00000000d5e00000,0x00000000d5f00000)
 ParOldGen       total 1062400K, used 1062388K [0x0000000080000000, 0x00000000c0d80000, 0x00000000d5580000)
  object space 1062400K, 99% used [0x0000000080000000,0x00000000c0d7d278,0x00000000c0d80000)
 Metaspace       used 92477K, committed 94272K, reserved 1179648K
  class space    used 9696K, committed 10496K, reserved 1048576K
}
Event: 52732.057 GC heap after
{Heap after GC invocations=1690 (full 4):
 PSYoungGen      total 4096K, used 1012K [0x00000000d5580000, 0x00000000d5f00000, 0x0000000100000000)
  eden space 3072K, 0% used [0x00000000d5580000,0x00000000d5580000,0x00000000d5880000)
  from space 1024K, 98% used [0x00000000d5e00000,0x00000000d5efd3e8,0x00000000d5f00000)
  to   space 1536K, 0% used [0x00000000d5c00000,0x00000000d5c00000,0x00000000d5d80000)
 ParOldGen       total 1062912K, used 1062556K [0x0000000080000000, 0x00000000c0e00000, 0x00000000d5580000)
  object space 1062912K, 99% used [0x0000000080000000,0x00000000c0da7278,0x00000000c0e00000)
 Metaspace       used 92477K, committed 94272K, reserved 1179648K
  class space    used 9696K, committed 10496K, reserved 1048576K
}
Event: 52732.097 GC heap before
{Heap before GC invocations=1691 (full 4):
 PSYoungGen      total 4096K, used 4084K [0x00000000d5580000, 0x00000000d5f00000, 0x0000000100000000)
  eden space 3072K, 100% used [0x00000000d5580000,0x00000000d5880000,0x00000000d5880000)
  from space 1024K, 98% used [0x00000000d5e00000,0x00000000d5efd3e8,0x00000000d5f00000)
  to   space 1536K, 0% used [0x00000000d5c00000,0x00000000d5c00000,0x00000000d5d80000)
 ParOldGen       total 1062912K, used 1062556K [0x0000000080000000, 0x00000000c0e00000, 0x00000000d5580000)
  object space 1062912K, 99% used [0x0000000080000000,0x00000000c0da7278,0x00000000c0e00000)
 Metaspace       used 92477K, committed 94272K, reserved 1179648K
  class space    used 9696K, committed 10496K, reserved 1048576K
}
Event: 52732.106 GC heap after
{Heap after GC invocations=1691 (full 4):
 PSYoungGen      total 4608K, used 1536K [0x00000000d5580000, 0x00000000d6180000, 0x0000000100000000)
  eden space 3072K, 0% used [0x00000000d5580000,0x00000000d5580000,0x00000000d5880000)
  from space 1536K, 100% used [0x00000000d5c00000,0x00000000d5d80000,0x00000000d5d80000)
  to   space 4096K, 0% used [0x00000000d5d80000,0x00000000d5d80000,0x00000000d6180000)
 ParOldGen       total 1064960K, used 1064852K [0x0000000080000000, 0x00000000c1000000, 0x00000000d5580000)
  object space 1064960K, 99% used [0x0000000080000000,0x00000000c0fe5348,0x00000000c1000000)
 Metaspace       used 92477K, committed 94272K, reserved 1179648K
  class space    used 9696K, committed 10496K, reserved 1048576K
}
Event: 52732.200 GC heap before
{Heap before GC invocations=1692 (full 4):
 PSYoungGen      total 4608K, used 4607K [0x00000000d5580000, 0x00000000d6180000, 0x0000000100000000)
  eden space 3072K, 99% used [0x00000000d5580000,0x00000000d587fc38,0x00000000d5880000)
  from space 1536K, 100% used [0x00000000d5c00000,0x00000000d5d80000,0x00000000d5d80000)
  to   space 4096K, 0% used [0x00000000d5d80000,0x00000000d5d80000,0x00000000d6180000)
 ParOldGen       total 1064960K, used 1064852K [0x0000000080000000, 0x00000000c1000000, 0x00000000d5580000)
  object space 1064960K, 99% used [0x0000000080000000,0x00000000c0fe5348,0x00000000c1000000)
 Metaspace       used 92477K, committed 94272K, reserved 1179648K
  class space    used 9696K, committed 10496K, reserved 1048576K
}
Event: 52732.213 GC heap after
{Heap after GC invocations=1692 (full 4):
 PSYoungGen      total 3584K, used 480K [0x00000000d5580000, 0x00000000d5e00000, 0x0000000100000000)
  eden space 3072K, 0% used [0x00000000d5580000,0x00000000d5580000,0x00000000d5880000)
  from space 512K, 93% used [0x00000000d5d80000,0x00000000d5df8000,0x00000000d5e00000)
  to   space 2048K, 0% used [0x00000000d5a00000,0x00000000d5a00000,0x00000000d5c00000)
 ParOldGen       total 1066496K, used 1066428K [0x0000000080000000, 0x00000000c1180000, 0x00000000d5580000)
  object space 1066496K, 99% used [0x0000000080000000,0x00000000c116f348,0x00000000c1180000)
 Metaspace       used 92477K, committed 94272K, reserved 1179648K
  class space    used 9696K, committed 10496K, reserved 1048576K
}
Event: 52732.232 GC heap before
{Heap before GC invocations=1693 (full 4):
 PSYoungGen      total 3584K, used 3552K [0x00000000d5580000, 0x00000000d5e00000, 0x0000000100000000)
  eden space 3072K, 100% used [0x00000000d5580000,0x00000000d5880000,0x00000000d5880000)
  from space 512K, 93% used [0x00000000d5d80000,0x00000000d5df8000,0x00000000d5e00000)
  to   space 2048K, 0% used [0x00000000d5a00000,0x00000000d5a00000,0x00000000d5c00000)
 ParOldGen       total 1066496K, used 1066428K [0x0000000080000000, 0x00000000c1180000, 0x00000000d5580000)
  object space 1066496K, 99% used [0x0000000080000000,0x00000000c116f348,0x00000000c1180000)
 Metaspace       used 92477K, committed 94272K, reserved 1179648K
  class space    used 9696K, committed 10496K, reserved 1048576K
}
Event: 52732.241 GC heap after
{Heap after GC invocations=1693 (full 4):
 PSYoungGen      total 5120K, used 2029K [0x00000000d5580000, 0x00000000d6080000, 0x0000000100000000)
  eden space 3072K, 0% used [0x00000000d5580000,0x00000000d5580000,0x00000000d5880000)
  from space 2048K, 99% used [0x00000000d5a00000,0x00000000d5bfb7f0,0x00000000d5c00000)
  to   space 4096K, 0% used [0x00000000d5c80000,0x00000000d5c80000,0x00000000d6080000)
 ParOldGen       total 1068032K, used 1067729K [0x0000000080000000, 0x00000000c1300000, 0x00000000d5580000)
  object space 1068032K, 99% used [0x0000000080000000,0x00000000c12b47c8,0x00000000c1300000)
 Metaspace       used 92477K, committed 94272K, reserved 1179648K
  class space    used 9696K, committed 10496K, reserved 1048576K
}

